<?xml version="1.0" encoding="UTF-8"?>
<!-- Generated by org.testng.reporters.JUnitReportReporter -->
<testsuite hostname="Mypc" name="testNG.PrimusbanlLogin" tests="1" failures="0" timestamp="4 May 2017 03:59:07 GMT" time="6.612" errors="0">
  <testcase name="Login_App" time="6.612" classname="testNG.PrimusbanlLogin"/>
</testsuite> <!-- testNG.PrimusbanlLogin -->
