<?xml version="1.0" encoding="UTF-8"?>
<!-- Generated by org.testng.reporters.JUnitReportReporter -->
<testsuite hostname="Mypc" name="grid.GridEg" tests="2" failures="0" timestamp="12 May 2017 03:35:46 GMT" time="24.285" errors="0">
  <testcase name="sample" time="8.891" classname="grid.GridEg"/>
  <testcase name="sample" time="15.394" classname="grid.GridEg"/>
</testsuite> <!-- grid.GridEg -->
