<?xml version="1.0" encoding="UTF-8"?>
<!-- Generated by org.testng.reporters.JUnitReportReporter -->
<testsuite hostname="Mypc" name="testNG.UserregTest" tests="1" failures="0" timestamp="5 May 2017 03:45:15 GMT" time="8.276" errors="0">
  <testcase name="org_Userreg" time="8.276" classname="testNG.UserregTest"/>
</testsuite> <!-- testNG.UserregTest -->
