<?xml version="1.0" encoding="UTF-8"?>
<!-- Generated by org.testng.reporters.JUnitReportReporter -->
<testsuite hostname="Mypc" name="pom.LoginTest" tests="1" failures="0" timestamp="9 May 2017 03:53:33 GMT" time="11.858" errors="0">
  <testcase name="l" time="11.858" classname="pom.LoginTest"/>
</testsuite> <!-- pom.LoginTest -->
