<?xml version="1.0" encoding="UTF-8"?>
<!-- Generated by org.testng.reporters.JUnitReportReporter -->
<testsuite hostname="Mypc" name="testNG.Empregtest" tests="1" failures="0" timestamp="5 May 2017 03:45:15 GMT" time="5.910" errors="0">
  <testcase name="org_Empreg" time="5.910" classname="testNG.Empregtest"/>
</testsuite> <!-- testNG.Empregtest -->
